
          -------------------------------------------------------
          Amber 24 PMEMD                              2024
          -------------------------------------------------------

| PMEMD implementation of SANDER, Release 24

|  Compiled date/time: Thu Apr  3 16:55:38 2025
| Run on 09/15/2025 at 07:53:57

|   Executable path: pmemd.cuda
| Working directory: /panfs/accrepfs.vampire/data/kojetin_lab/Mithun/My_Github/Amber_Apo_Protein_Run/Production
|          Hostname: gpu0015

  [-O]verwriting output

File Assignments:
|   MDIN: prod1.in.start                                                        
|  MDOUT: PTR_001.out                                                           
| INPCRD: ../Minimization/step9.rst7                                            
|   PARM: ../Minimization/prepinHMR.prmtop                                      
| RESTRT: md_prod1_001.rst                                                      
|   REFC: refc                                                                  
|  MDVEL: mdvel                                                                 
|   MDEN: mden                                                                  
|  MDCRD: md_prod1_001.nc                                                       
| MDINFO: md_prod1.mdinfo                                                       
|  MDFRC: mdfrc                                                                 


 Here is the input file:

MD explicit solvent heavy atom no rest shake dt 0.004 total is 100 nanoseconds 
 &cntrl                                                                        
  imin = 0, nstlim = 25000000, dt=0.004,                                       
  ntx = 1, irest = 0,                                                          
  ntwx = 2500, ioutfm = 1, ntxo = 2, ntpr = 5000, ntwr = 200000,               
  iwrap = 1, nscm = 1000,                                                      
  ntc = 2, ntf = 2, ntb = 2, cut = 8.0,                                        
  ntt = 3, ig = -1, gamma_ln = 3, temp0 = 310, tempi = 310,                    
  ntp = 1, taup = 2.0, barostat = 2,                                           
  igb = 0, saltcon = 0.0,                                                      
  ntr = 0,                                                                     
 /                                                                             


Note: ig = -1. Setting random seed to    97726 based on wallclock time in 
      microseconds.
| irandom = 1, using AMBER's internal random number generator (default).
 
|--------------------- INFORMATION ----------------------
| GPU (CUDA) Version of PMEMD in use: NVIDIA GPU IN USE.
|                    Version 18.0.0
| 
|                      03/25/2018
| 
| Implementation by:
|                    Ross C. Walker     (SDSC)
|                    Scott Le Grand     (nVIDIA)
| 
| Version 18 performance extensions by:
|                    David Cerutti     (Rutgers)
| 
| Precision model in use:
|      [SPFP] - Single Precision Forces, 64-bit Fixed Point
|               Accumulation. (Default)
| 
|--------------------------------------------------------
 
|----------------- CITATION INFORMATION -----------------
|
|    When publishing work that utilized the CUDA version
|    of AMBER, please cite the following in addition to
|    the regular AMBER citations:
|
|  - Romelia Salomon-Ferrer; Andreas W. Goetz; Duncan
|    Poole; Scott Le Grand; Ross C. Walker "Routine
|    microsecond molecular dynamics simulations with
|    AMBER - Part II: Particle Mesh Ewald", J. Chem.
|    Theory Comput., 2013, 9 (9), pp3878-3888,
|    DOI: 10.1021/ct400314y.
|
|  - Andreas W. Goetz; Mark J. Williamson; Dong Xu;
|    Duncan Poole; Scott Le Grand; Ross C. Walker
|    "Routine microsecond molecular dynamics simulations
|    with AMBER - Part I: Generalized Born", J. Chem.
|    Theory Comput., 2012, 8 (5), pp1542-1555.
|
|  - Scott Le Grand; Andreas W. Goetz; Ross C. Walker
|    "SPFP: Speed without compromise - a mixed precision
|    model for GPU accelerated molecular dynamics
|    simulations.", Comp. Phys. Comm., 2013, 184
|    pp374-380, DOI: 10.1016/j.cpc.2012.09.022
|
|--------------------------------------------------------
 
|------------------- GPU DEVICE INFO --------------------
|
|            CUDA_VISIBLE_DEVICES: 0
|   CUDA Capable Devices Detected:      1
|           CUDA Device ID in use:      0
|                CUDA Device Name: NVIDIA TITAN X (Pascal)
|     CUDA Device Global Mem Size:  12183 MB
| CUDA Device Num Multiprocessors:     28
|           CUDA Device Core Freq:   1.53 GHz
|
|--------------------------------------------------------
 
 
| Conditional Compilation Defines Used:
| PUBFFT
| BINTRAJ
| CUDA
| EMIL

| Largest sphere to fit in unit cell has radius =    33.509

| New format PARM file being parsed.
| Version =    1.000 Date = 09/15/25 Time = 07:26:43

| Note: 1-4 EEL scale factors are being read from the topology file.

| Note: 1-4 VDW scale factors are being read from the topology file.
| Duplicated    0 dihedrals

| Duplicated    0 dihedrals

--------------------------------------------------------------------------------
   1.  RESOURCE   USE: 
--------------------------------------------------------------------------------

 getting box info from netcdf restart file
 NATOM  =   42241 NTYPES =      17 NBONH =   40011 MBONA  =    2240
 NTHETH =    5204 MTHETA =    3021 NPHIH =   10232 MPHIA  =    9740
 NHPARM =       0 NPARM  =       0 NNB   =   75196 NRES   =   12882
 NBONA  =    2240 NTHETA =    3021 NPHIA =    9740 NUMBND =      59
 NUMANG =     133 NPTRA  =     175 NATYP =      33 NPHB   =       0
 IFBOX  =       2 NMXRS  =      24 IFCAP =       0 NEXTRA =       0
 NCOPY  =       0

| Coordinate Index Table dimensions:    16   16   16
| Direct force subcell size =     5.1300    5.1300    5.1300

     BOX TYPE: TRUNCATED OCTAHEDRON

--------------------------------------------------------------------------------
   2.  CONTROL  DATA  FOR  THE  RUN
--------------------------------------------------------------------------------

default_name                                                                    

General flags:
     imin    =       0, nmropt  =       0

Nature and format of input:
     ntx     =       1, irest   =       0, ntrx    =       1

Nature and format of output:
     ntxo    =       2, ntpr    =    5000, ntrx    =       1, ntwr    =  200000
     iwrap   =       1, ntwx    =    2500, ntwv    =       0, ntwe    =       0
     ioutfm  =       1, ntwprt  =       0, idecomp =       0, rbornstat=      0

Potential function:
     ntf     =       2, ntb     =       2, igb     =       0, nsnb    =      25
     ipol    =       0, gbsa    =       0, iesp    =       0
     dielc   =   1.00000, cut     =   8.00000, intdiel =   1.00000

Frozen or restrained atoms:
     ibelly  =       0, ntr     =       0

Molecular dynamics:
     nstlim  =  25000000, nscm    =      1000, nrespa  =         1
     t       =   0.00000, dt      =   0.00400, vlimit  =  -1.00000

Langevin dynamics temperature regulation:
     ig      =   97726
     temp0   = 310.00000, tempi   = 310.00000, gamma_ln=   3.00000

Pressure regulation:
     ntp     =       1
     pres0   =   1.00000, comp    =  44.60000, taup    =   2.00000
     Monte-Carlo Barostat:
     mcbarint  =     100

SHAKE:
     ntc     =       2, jfastw  =       0
     tol     =   0.00001

| Intermolecular bonds treatment:
|     no_intermolecular_bonds =       1

| Energy averages sample interval:
|     ene_avg_sampling =    5000

Ewald parameters:
     verbose =       0, ew_type =       0, nbflag  =       1, use_pme =       1
     vdwmeth =       1, eedmeth =       1, netfrc  =       1
     Box X =   82.079   Box Y =   82.079   Box Z =   82.079
     Alpha =  109.471   Beta  =  109.471   Gamma =  109.471
     NFFT1 =   84       NFFT2 =   84       NFFT3 =   84
     Cutoff=    8.000   Tol   =0.100E-04
     Ewald Coefficient =  0.34864
     Interpolation order =    4
| MONTE CARLO BAROSTAT IMPORTANT NOTE:
|   The Monte-Carlo barostat does not require the virial to adjust the system volume.
|   Since it is an expensive calculation, it is skipped for efficiency. A side-effect
|   is that the reported pressure is always 0 because it is not calculated.

--------------------------------------------------------------------------------
   3.  ATOMIC COORDINATES AND VELOCITIES
--------------------------------------------------------------------------------

default_name                                                                    
 begin time read from input coords =   240.000 ps

 
 Number of triangulated 3-point waters found:    12579

     Sum of charges from parm topology file =  -0.00000016
     Forcing neutrality...

| Dynamic Memory, Types Used:
| Reals             1922054
| Integers          1790161

| Nonbonded Pairs Initial Allocation:     7055303

| GPU memory information (estimate):
| KB of GPU memory in use:    292807
| KB of CPU memory in use:     75953

--------------------------------------------------------------------------------
   4.  RESULTS
--------------------------------------------------------------------------------


 NSTEP =        0   TIME(PS) =       0.000  TEMP(K) =   453.06  PRESS =     0.0
 Etot   =    -88414.4922  EKtot   =     39034.0966  EPtot      =   -127448.5888
 BOND   =       848.0863  ANGLE   =      2336.0862  DIHED      =      3572.2382
 1-4 NB =      1065.8309  1-4 EEL =     13051.6736  VDWAALS    =     14853.6673
 EELEC  =   -163176.1712  EHBOND  =         0.0000  RESTRAINT  =         0.0000
 EKCMT  =         0.0000  VIRIAL  =         0.0000  VOLUME     =    425674.8998
                                                    Density    =         1.0103
 ------------------------------------------------------------------------------

| MC Barostat: Decreasing size of volume moves
| MC Barostat: Decreasing size of volume moves
wrapping first mol.:      -54.76637       38.72568       67.07483
| MC Barostat: Decreasing size of volume moves
| MC Barostat: Decreasing size of volume moves
wrapping first mol.:      -54.77730       38.73341       67.08823

 NSTEP =     5000   TIME(PS) =      20.000  TEMP(K) =   309.10  PRESS =     0.0
 Etot   =    -99763.7881  EKtot   =     26630.8789  EPtot      =   -126394.6670
 BOND   =      1100.8905  ANGLE   =      2573.4010  DIHED      =      3652.7097
 1-4 NB =      1062.5277  1-4 EEL =     13050.2104  VDWAALS    =     14691.8320
 EELEC  =   -162526.2382  EHBOND  =         0.0000  RESTRAINT  =         0.0000
 EKCMT  =         0.0000  VIRIAL  =         0.0000  VOLUME     =    427025.5727
                                                    Density    =         1.0071
 ------------------------------------------------------------------------------

| MC Barostat: Decreasing size of volume moves
wrapping first mol.:      -54.80273       38.75139       67.11937
| MC Barostat: Decreasing size of volume moves
| MC Barostat: Decreasing size of volume moves
| MC Barostat: Decreasing size of volume moves
wrapping first mol.:      -54.80801       38.75512       67.12584

 NSTEP =    10000   TIME(PS) =      40.000  TEMP(K) =   310.74  PRESS =     0.0
 Etot   =    -99309.9517  EKtot   =     26772.6289  EPtot      =   -126082.5806
 BOND   =      1057.0091  ANGLE   =      2520.2545  DIHED      =      3623.3301
 1-4 NB =      1061.3255  1-4 EEL =     13082.7892  VDWAALS    =     14737.2583
 EELEC  =   -162164.5473  EHBOND  =         0.0000  RESTRAINT  =         0.0000
 EKCMT  =         0.0000  VIRIAL  =         0.0000  VOLUME     =    427744.1549
                                                    Density    =         1.0054
 ------------------------------------------------------------------------------

| MC Barostat: Decreasing size of volume moves
| MC Barostat: Decreasing size of volume moves
wrapping first mol.:      -54.76697       38.72611       67.07558
wrapping first mol.:      -54.67380       38.66022       66.96146

 NSTEP =    15000   TIME(PS) =      60.000  TEMP(K) =   309.61  PRESS =     0.0
 Etot   =    -99810.8738  EKtot   =     26675.3926  EPtot      =   -126486.2663
 BOND   =      1091.0216  ANGLE   =      2451.8937  DIHED      =      3567.6267
 1-4 NB =      1054.5979  1-4 EEL =     13040.6945  VDWAALS    =     14754.7875
 EELEC  =   -162446.8881  EHBOND  =         0.0000  RESTRAINT  =         0.0000
 EKCMT  =         0.0000  VIRIAL  =         0.0000  VOLUME     =    424609.5658
                                                    Density    =         1.0128
 ------------------------------------------------------------------------------

wrapping first mol.:      -54.74474       38.71038       67.04835
wrapping first mol.:      -54.81798       38.76217       67.13805

 NSTEP =    20000   TIME(PS) =      80.000  TEMP(K) =   310.97  PRESS =     0.0
 Etot   =    -99537.3213  EKtot   =     26792.2617  EPtot      =   -126329.5831
 BOND   =      1086.7411  ANGLE   =      2532.2038  DIHED      =      3613.6044
 1-4 NB =      1069.4543  1-4 EEL =     13066.7418  VDWAALS    =     14563.9541
 EELEC  =   -162262.2827  EHBOND  =         0.0000  RESTRAINT  =         0.0000
 EKCMT  =         0.0000  VIRIAL  =         0.0000  VOLUME     =    427977.6174
                                                    Density    =         1.0049
 ------------------------------------------------------------------------------

wrapping first mol.:      -54.79389       38.74514       67.10854
wrapping first mol.:      -54.81316       38.75876       67.13214

 NSTEP =    25000   TIME(PS) =     100.000  TEMP(K) =   310.67  PRESS =     0.0
 Etot   =    -99508.6314  EKtot   =     26766.5898  EPtot      =   -126275.2213
 BOND   =      1045.9184  ANGLE   =      2608.3716  DIHED      =      3586.7393
 1-4 NB =      1035.7710  1-4 EEL =     13031.7686  VDWAALS    =     14608.0726
 EELEC  =   -162191.8628  EHBOND  =         0.0000  RESTRAINT  =         0.0000
