
          -------------------------------------------------------
          Amber 24 PMEMD                              2024
          -------------------------------------------------------

| PMEMD implementation of SANDER, Release 24

|  Compiled date/time: Thu Apr  3 16:55:38 2025
| Run on 09/15/2025 at 07:21:35

|   Executable path: pmemd.cuda
| Working directory: /panfs/accrepfs.vampire/data/kojetin_lab/Mithun/My_Github/Amber_Apo_Protein_Run/Minimization
|          Hostname: gpu0023

  [-O]verwriting output

File Assignments:
|   MDIN: step9.in                                                              
|  MDOUT: step9.out                                                             
| INPCRD: step8.rst7                                                            
|   PARM: ../prepin.prmtop                                                      
| RESTRT: step9.rst7                                                            
|   REFC: step5.rst7                                                            
|  MDVEL: mdvel                                                                 
|   MDEN: mden                                                                  
|  MDCRD: step9.nc                                                              
| MDINFO: step9.mdinfo                                                          
|  MDFRC: mdfrc                                                                 


 Here is the input file:

MD explicit solvent heavy atom no rest shake dt 0.002                          
&cntrl                                                                         
  imin = 0, nstlim = 100000, dt=0.002,                                         
  ntx = 5, irest = 1,                                                          
  ntwx = 5000, ioutfm = 1, ntpr = 10000, ntwr = 10000,                         
  iwrap = 1, nscm = 1000,                                                      
  ntc = 2, ntf = 1, ntb = 2, cut = 8.0,                                        
  ntt = 1, tautp = 1.0, temp0 = 310.0, tempi = 310.0,                          
  ntp = 1, taup = 1.0,                                                         
  igb = 0, saltcon = 0.0,                                                      
  ntr = 0,                                                                     
&end                                                                           


Note: ig = -1. Setting random seed to   921495 based on wallclock time in 
      microseconds.
| irandom = 1, using AMBER's internal random number generator (default).
 
|--------------------- INFORMATION ----------------------
| GPU (CUDA) Version of PMEMD in use: NVIDIA GPU IN USE.
|                    Version 18.0.0
| 
|                      03/25/2018
| 
| Implementation by:
|                    Ross C. Walker     (SDSC)
|                    Scott Le Grand     (nVIDIA)
| 
| Version 18 performance extensions by:
|                    David Cerutti     (Rutgers)
| 
| Precision model in use:
|      [SPFP] - Single Precision Forces, 64-bit Fixed Point
|               Accumulation. (Default)
| 
|--------------------------------------------------------
 
|----------------- CITATION INFORMATION -----------------
|
|    When publishing work that utilized the CUDA version
|    of AMBER, please cite the following in addition to
|    the regular AMBER citations:
|
|  - Romelia Salomon-Ferrer; Andreas W. Goetz; Duncan
|    Poole; Scott Le Grand; Ross C. Walker "Routine
|    microsecond molecular dynamics simulations with
|    AMBER - Part II: Particle Mesh Ewald", J. Chem.
|    Theory Comput., 2013, 9 (9), pp3878-3888,
|    DOI: 10.1021/ct400314y.
|
|  - Andreas W. Goetz; Mark J. Williamson; Dong Xu;
|    Duncan Poole; Scott Le Grand; Ross C. Walker
|    "Routine microsecond molecular dynamics simulations
|    with AMBER - Part I: Generalized Born", J. Chem.
|    Theory Comput., 2012, 8 (5), pp1542-1555.
|
|  - Scott Le Grand; Andreas W. Goetz; Ross C. Walker
|    "SPFP: Speed without compromise - a mixed precision
|    model for GPU accelerated molecular dynamics
|    simulations.", Comp. Phys. Comm., 2013, 184
|    pp374-380, DOI: 10.1016/j.cpc.2012.09.022
|
|--------------------------------------------------------
 
|------------------- GPU DEVICE INFO --------------------
|
|            CUDA_VISIBLE_DEVICES: 0
|   CUDA Capable Devices Detected:      1
|           CUDA Device ID in use:      0
|                CUDA Device Name: NVIDIA TITAN Xp
|     CUDA Device Global Mem Size:  12183 MB
| CUDA Device Num Multiprocessors:     30
|           CUDA Device Core Freq:   1.58 GHz
|
|--------------------------------------------------------
 
 
| Conditional Compilation Defines Used:
| PUBFFT
| BINTRAJ
| CUDA
| EMIL

| Largest sphere to fit in unit cell has radius =    33.497

| New format PARM file being parsed.
| Version =    1.000 Date = 09/15/25 Time = 07:15:22

| Note: 1-4 EEL scale factors are being read from the topology file.

| Note: 1-4 VDW scale factors are being read from the topology file.
| Duplicated    0 dihedrals

| Duplicated    0 dihedrals

--------------------------------------------------------------------------------
   1.  RESOURCE   USE: 
--------------------------------------------------------------------------------

 getting box info from netcdf restart file
 NATOM  =   42241 NTYPES =      17 NBONH =   40011 MBONA  =    2240
 NTHETH =    5204 MTHETA =    3021 NPHIH =   10232 MPHIA  =    9740
 NHPARM =       0 NPARM  =       0 NNB   =   75196 NRES   =   12882
 NBONA  =    2240 NTHETA =    3021 NPHIA =    9740 NUMBND =      59
 NUMANG =     133 NPTRA  =     175 NATYP =      33 NPHB   =       0
 IFBOX  =       2 NMXRS  =      24 IFCAP =       0 NEXTRA =       0
 NCOPY  =       0

| Coordinate Index Table dimensions:    16   16   16
| Direct force subcell size =     5.1281    5.1281    5.1281

     BOX TYPE: TRUNCATED OCTAHEDRON

--------------------------------------------------------------------------------
   2.  CONTROL  DATA  FOR  THE  RUN
--------------------------------------------------------------------------------

default_name                                                                    

General flags:
     imin    =       0, nmropt  =       0

Nature and format of input:
     ntx     =       5, irest   =       1, ntrx    =       1

Nature and format of output:
     ntxo    =       2, ntpr    =   10000, ntrx    =       1, ntwr    =   10000
     iwrap   =       1, ntwx    =    5000, ntwv    =       0, ntwe    =       0
     ioutfm  =       1, ntwprt  =       0, idecomp =       0, rbornstat=      0

Potential function:
     ntf     =       1, ntb     =       2, igb     =       0, nsnb    =      25
     ipol    =       0, gbsa    =       0, iesp    =       0
     dielc   =   1.00000, cut     =   8.00000, intdiel =   1.00000

Frozen or restrained atoms:
     ibelly  =       0, ntr     =       0

Molecular dynamics:
     nstlim  =    100000, nscm    =      1000, nrespa  =         1
     t       =   0.00000, dt      =   0.00200, vlimit  =  -1.00000

Berendsen (weak-coupling) temperature regulation:
     temp0   = 310.00000, tempi   = 310.00000, tautp   =   1.00000

Pressure regulation:
     ntp     =       1
     pres0   =   1.00000, comp    =  44.60000, taup    =   1.00000

SHAKE:
     ntc     =       2, jfastw  =       0
     tol     =   0.00001

| Intermolecular bonds treatment:
|     no_intermolecular_bonds =       1

| Energy averages sample interval:
|     ene_avg_sampling =   10000

Ewald parameters:
     verbose =       0, ew_type =       0, nbflag  =       1, use_pme =       1
     vdwmeth =       1, eedmeth =       1, netfrc  =       1
     Box X =   82.050   Box Y =   82.050   Box Z =   82.050
     Alpha =  109.471   Beta  =  109.471   Gamma =  109.471
     NFFT1 =   84       NFFT2 =   84       NFFT3 =   84
     Cutoff=    8.000   Tol   =0.100E-04
     Ewald Coefficient =  0.34864
     Interpolation order =    4

--------------------------------------------------------------------------------
   3.  ATOMIC COORDINATES AND VELOCITIES
--------------------------------------------------------------------------------

default_name                                                                    
 begin time read from input coords =    40.000 ps

 
 Number of triangulated 3-point waters found:    12579

     Sum of charges from parm topology file =  -0.00000016
     Forcing neutrality...

| Dynamic Memory, Types Used:
| Reals             1922054
| Integers          1790161

| Nonbonded Pairs Initial Allocation:     7055303

| GPU memory information (estimate):
| KB of GPU memory in use:    169618
| KB of CPU memory in use:     79580

--------------------------------------------------------------------------------
   4.  RESULTS
--------------------------------------------------------------------------------

check COM velocity, temp:        0.006993     0.07(Removed)
check COM velocity, temp:        0.000000     0.00(Removed)
check COM velocity, temp:        0.000000     0.00(Removed)
check COM velocity, temp:        0.000000     0.00(Removed)
check COM velocity, temp:        0.000000     0.00(Removed)
wrapping first mol.:       27.36553       38.70070       67.03158
check COM velocity, temp:        0.000000     0.00(Removed)
check COM velocity, temp:        0.000000     0.00(Removed)
check COM velocity, temp:        0.000000     0.00(Removed)
check COM velocity, temp:        0.000000     0.00(Removed)
check COM velocity, temp:        0.000000     0.00(Removed)
wrapping first mol.:       27.36928       38.70601       67.04077
wrapping first mol.:       27.36928       38.70601       67.04077

 NSTEP =    10000   TIME(PS) =      60.000  TEMP(K) =   310.89  PRESS =   160.1
 Etot   =   -100669.9128  EKtot   =     26784.6309  EPtot      =   -127454.5436
 BOND   =       847.9866  ANGLE   =      2412.7334  DIHED      =      3595.9512
 1-4 NB =      1039.4552  1-4 EEL =     13034.0013  VDWAALS    =     14758.2151
 EELEC  =   -163142.8864  EHBOND  =         0.0000  RESTRAINT  =         0.0000
 EKCMT  =     11692.1927  VIRIAL  =     10219.6019  VOLUME     =    426114.0631
                                                    Density    =         1.0093
 ------------------------------------------------------------------------------

check COM velocity, temp:        0.000000     0.00(Removed)
check COM velocity, temp:        0.000000     0.00(Removed)
check COM velocity, temp:        0.000000     0.00(Removed)
check COM velocity, temp:        0.000000     0.00(Removed)
check COM velocity, temp:        0.000000     0.00(Removed)
wrapping first mol.:       27.38607       38.72975       67.08190
check COM velocity, temp:        0.000000     0.00(Removed)
check COM velocity, temp:        0.000000     0.00(Removed)
check COM velocity, temp:        0.000000     0.00(Removed)
check COM velocity, temp:        0.000000     0.00(Removed)
check COM velocity, temp:        0.000000     0.00(Removed)
wrapping first mol.:       27.38116       38.72281       67.06987
wrapping first mol.:       27.38116       38.72281       67.06987

 NSTEP =    20000   TIME(PS) =      80.000  TEMP(K) =   308.76  PRESS =  -165.1
 Etot   =   -100647.6442  EKtot   =     26600.4453  EPtot      =   -127248.0895
 BOND   =       875.1879  ANGLE   =      2297.9187  DIHED      =      3602.1574
 1-4 NB =      1035.3984  1-4 EEL =     13044.1802  VDWAALS    =     14775.5783
 EELEC  =   -162878.5105  EHBOND  =         0.0000  RESTRAINT  =         0.0000
 EKCMT  =     11752.9214  VIRIAL  =     13273.7310  VOLUME     =    426681.4516
                                                    Density    =         1.0079
 ------------------------------------------------------------------------------

check COM velocity, temp:        0.000000     0.00(Removed)
check COM velocity, temp:        0.000000     0.00(Removed)
check COM velocity, temp:        0.000000     0.00(Removed)
check COM velocity, temp:        0.000000     0.00(Removed)
check COM velocity, temp:        0.000000     0.00(Removed)
wrapping first mol.:       27.35937       38.69199       67.01649
check COM velocity, temp:        0.000000     0.00(Removed)
check COM velocity, temp:        0.000000     0.00(Removed)
check COM velocity, temp:        0.000000     0.00(Removed)
check COM velocity, temp:        0.000000     0.00(Removed)
check COM velocity, temp:        0.000000     0.00(Removed)
wrapping first mol.:       27.39499       38.74237       67.10375
wrapping first mol.:       27.39499       38.74237       67.10375

 NSTEP =    30000   TIME(PS) =     100.000  TEMP(K) =   311.93  PRESS =    48.0
 Etot   =   -100663.8853  EKtot   =     26873.4980  EPtot      =   -127537.3834
 BOND   =       812.7036  ANGLE   =      2309.3086  DIHED      =      3556.9011
 1-4 NB =      1067.9278  1-4 EEL =     13068.1930  VDWAALS    =     14860.4644
 EELEC  =   -163212.8820  EHBOND  =         0.0000  RESTRAINT  =         0.0000
 EKCMT  =     11785.1340  VIRIAL  =     11341.8262  VOLUME     =    427320.3125
                                                    Density    =         1.0064
 ------------------------------------------------------------------------------

check COM velocity, temp:        0.000000     0.00(Removed)
check COM velocity, temp:        0.000000     0.00(Removed)
check COM velocity, temp:        0.000000     0.00(Removed)
check COM velocity, temp:        0.000000     0.00(Removed)
check COM velocity, temp:        0.000000     0.00(Removed)
wrapping first mol.:       27.36095       38.69422       67.02035
check COM velocity, temp:        0.000000     0.00(Removed)
check COM velocity, temp:        0.000000     0.00(Removed)
check COM velocity, temp:        0.000000     0.00(Removed)
check COM velocity, temp:        0.000000     0.00(Removed)
check COM velocity, temp:        0.000000     0.00(Removed)
wrapping first mol.:       27.39495       38.74231       67.10365
wrapping first mol.:       27.39495       38.74231       67.10365

 NSTEP =    40000   TIME(PS) =     120.000  TEMP(K) =   311.06  PRESS =  -212.4
 Etot   =   -100697.7142  EKtot   =     26798.6719  EPtot      =   -127496.3860
 BOND   =       815.2803  ANGLE   =      2295.4685  DIHED      =      3584.6416
 1-4 NB =      1053.8513  1-4 EEL =     13081.1596  VDWAALS    =     14713.2076
 EELEC  =   -163039.9949  EHBOND  =         0.0000  RESTRAINT  =         0.0000
 EKCMT  =     11846.7424  VIRIAL  =     13806.6420  VOLUME     =    427328.2114
                                                    Density    =         1.0064
 ------------------------------------------------------------------------------

check COM velocity, temp:        0.000000     0.00(Removed)
check COM velocity, temp:        0.000000     0.00(Removed)
check COM velocity, temp:        0.000000     0.00(Removed)
check COM velocity, temp:        0.000000     0.00(Removed)
check COM velocity, temp:        0.000000     0.00(Removed)
wrapping first mol.:       27.37076       38.70810       67.04440
check COM velocity, temp:        0.000000     0.00(Removed)
check COM velocity, temp:        0.000000     0.00(Removed)
check COM velocity, temp:        0.000000     0.00(Removed)
check COM velocity, temp:        0.000000     0.00(Removed)
check COM velocity, temp:        0.000000     0.00(Removed)
wrapping first mol.:       27.37155       38.70922       67.04633
wrapping first mol.:       27.37155       38.70922       67.04633

 NSTEP =    50000   TIME(PS) =     140.000  TEMP(K) =   309.75  PRESS =   -56.0
 Etot   =   -100730.2593  EKtot   =     26685.7812  EPtot      =   -127416.0405
 BOND   =       808.9658  ANGLE   =      2342.5107  DIHED      =      3586.5356
 1-4 NB =      1069.4857  1-4 EEL =     13146.0789  VDWAALS    =     14750.8780
 EELEC  =   -163120.4952  EHBOND  =         0.0000  RESTRAINT  =         0.0000
 EKCMT  =     11688.5003  VIRIAL  =     12203.9447  VOLUME     =    426228.2271
                                                    Density    =         1.0090
 ------------------------------------------------------------------------------

check COM velocity, temp:        0.000000     0.00(Removed)
check COM velocity, temp:        0.000000     0.00(Removed)
check COM velocity, temp:        0.000000     0.00(Removed)
check COM velocity, temp:        0.000000     0.00(Removed)
check COM velocity, temp:        0.000000     0.00(Removed)
wrapping first mol.:       27.36804       38.70425       67.03772
check COM velocity, temp:        0.000000     0.00(Removed)
check COM velocity, temp:        0.000000     0.00(Removed)
check COM velocity, temp:        0.000000     0.00(Removed)
check COM velocity, temp:        0.000000     0.00(Removed)
check COM velocity, temp:        0.000000     0.00(Removed)
wrapping first mol.:       27.34761       38.67535       66.98767
wrapping first mol.:       27.34761       38.67535       66.98767

 NSTEP =    60000   TIME(PS) =     160.000  TEMP(K) =   309.96  PRESS =    -4.8
 Etot   =   -100842.1053  EKtot   =     26704.4570  EPtot      =   -127546.5623
 BOND   =       841.4261  ANGLE   =      2236.0350  DIHED      =      3615.6321
 1-4 NB =      1080.0541  1-4 EEL =     13096.4464  VDWAALS    =     15065.5910
 EELEC  =   -163481.7470  EHBOND  =         0.0000  RESTRAINT  =         0.0000
 EKCMT  =     11599.7228  VIRIAL  =     11644.0410  VOLUME     =    425108.5574
                                                    Density    =         1.0117
 ------------------------------------------------------------------------------

check COM velocity, temp:        0.000000     0.00(Removed)
check COM velocity, temp:        0.000000     0.00(Removed)
check COM velocity, temp:        0.000000     0.00(Removed)
check COM velocity, temp:        0.000000     0.00(Removed)
check COM velocity, temp:        0.000000     0.00(Removed)
wrapping first mol.:       27.36223       38.69604       67.02350
check COM velocity, temp:        0.000000     0.00(Removed)
check COM velocity, temp:        0.000000     0.00(Removed)
check COM velocity, temp:        0.000000     0.00(Removed)
check COM velocity, temp:        0.000000     0.00(Removed)
check COM velocity, temp:        0.000000     0.00(Removed)
wrapping first mol.:       27.35783       38.68981       67.01272
wrapping first mol.:       27.35783       38.68981       67.01272

 NSTEP =    70000   TIME(PS) =     180.000  TEMP(K) =   309.98  PRESS =   -91.6
 Etot   =   -100777.6801  EKtot   =     26705.8477  EPtot      =   -127483.5277
 BOND   =       844.7019  ANGLE   =      2330.1575  DIHED      =      3582.3608
 1-4 NB =      1070.0461  1-4 EEL =     13046.4457  VDWAALS    =     14718.4831
 EELEC  =   -163075.7228  EHBOND  =         0.0000  RESTRAINT  =         0.0000
 EKCMT  =     11757.8104  VIRIAL  =     12599.9500  VOLUME     =    425588.8037
                                                    Density    =         1.0105
 ------------------------------------------------------------------------------

check COM velocity, temp:        0.000000     0.00(Removed)
check COM velocity, temp:        0.000000     0.00(Removed)
check COM velocity, temp:        0.000000     0.00(Removed)
check COM velocity, temp:        0.000000     0.00(Removed)
check COM velocity, temp:        0.000000     0.00(Removed)
wrapping first mol.:       27.35440       38.68496       67.00432
check COM velocity, temp:        0.000000     0.00(Removed)
check COM velocity, temp:        0.000000     0.00(Removed)
check COM velocity, temp:        0.000000     0.00(Removed)
check COM velocity, temp:        0.000000     0.00(Removed)
check COM velocity, temp:        0.000000     0.00(Removed)
wrapping first mol.:      -54.73301       38.70209       67.03398
wrapping first mol.:      -54.73301       38.70209       67.03398

 NSTEP =    80000   TIME(PS) =     200.000  TEMP(K) =   313.30  PRESS =    14.9
 Etot   =   -100672.4640  EKtot   =     26991.8164  EPtot      =   -127664.2804
 BOND   =       855.2560  ANGLE   =      2322.9483  DIHED      =      3562.4380
 1-4 NB =      1044.2133  1-4 EEL =     13061.5286  VDWAALS    =     15015.7318
 EELEC  =   -163526.3964  EHBOND  =         0.0000  RESTRAINT  =         0.0000
 EKCMT  =     11767.6780  VIRIAL  =     11630.2666  VOLUME     =    425990.0972
                                                    Density    =         1.0096
 ------------------------------------------------------------------------------

check COM velocity, temp:        0.000000     0.00(Removed)
check COM velocity, temp:        0.000000     0.00(Removed)
check COM velocity, temp:        0.000000     0.00(Removed)
check COM velocity, temp:        0.000000     0.00(Removed)
check COM velocity, temp:        0.000000     0.00(Removed)
wrapping first mol.:      -54.75889       38.72039       67.06568
check COM velocity, temp:        0.000000     0.00(Removed)
check COM velocity, temp:        0.000000     0.00(Removed)
check COM velocity, temp:        0.000000     0.00(Removed)
check COM velocity, temp:        0.000000     0.00(Removed)
check COM velocity, temp:        0.000000     0.00(Removed)
wrapping first mol.:      -54.75677       38.71889       67.06308
wrapping first mol.:      -54.75677       38.71889       67.06308

 NSTEP =    90000   TIME(PS) =     220.000  TEMP(K) =   309.09  PRESS =     2.7
 Etot   =   -100786.1066  EKtot   =     26629.0801  EPtot      =   -127415.1867
 BOND   =       875.6222  ANGLE   =      2354.5096  DIHED      =      3581.7118
 1-4 NB =      1057.2330  1-4 EEL =     13074.5754  VDWAALS    =     14869.2871
 EELEC  =   -163228.1259  EHBOND  =         0.0000  RESTRAINT  =         0.0000
 EKCMT  =     11751.2133  VIRIAL  =     11726.4211  VOLUME     =    426545.4653
                                                    Density    =         1.0083
 ------------------------------------------------------------------------------

check COM velocity, temp:        0.000000     0.00(Removed)
check COM velocity, temp:        0.000000     0.00(Removed)
check COM velocity, temp:        0.000000     0.00(Removed)
check COM velocity, temp:        0.000000     0.00(Removed)
check COM velocity, temp:        0.000000     0.00(Removed)
wrapping first mol.:      -54.72907       38.69930       67.02915
check COM velocity, temp:        0.000000     0.00(Removed)
check COM velocity, temp:        0.000000     0.00(Removed)
check COM velocity, temp:        0.000000     0.00(Removed)
check COM velocity, temp:        0.000000     0.00(Removed)
check COM velocity, temp:        0.000000     0.00(Removed)
wrapping first mol.:      -54.71949       38.69253       67.01742
wrapping first mol.:      -54.71949       38.69253       67.01742

 NSTEP =   100000   TIME(PS) =     240.000  TEMP(K) =   310.19  PRESS =  -106.6
 Etot   =   -100746.1725  EKtot   =     26724.3320  EPtot      =   -127470.5045
 BOND   =       854.6589  ANGLE   =      2306.3552  DIHED      =      3576.2195
 1-4 NB =      1066.0553  1-4 EEL =     13058.5889  VDWAALS    =     14853.9735
 EELEC  =   -163186.3558  EHBOND  =         0.0000  RESTRAINT  =         0.0000
 EKCMT  =     11669.3102  VIRIAL  =     12649.2310  VOLUME     =    425678.9862
                                                    Density    =         1.0103
 ------------------------------------------------------------------------------


      A V E R A G E S   O V E R      10 S T E P S


 NSTEP =   100000   TIME(PS) =     240.000  TEMP(K) =   310.49  PRESS =   -41.1
 Etot   =   -100723.3944  EKtot   =     26749.8561  EPtot      =   -127473.2505
 BOND   =       843.1789  ANGLE   =      2320.7946  DIHED      =      3584.4549
 1-4 NB =      1058.3720  1-4 EEL =     13071.1198  VDWAALS    =     14838.1410
 EELEC  =   -163189.3117  EHBOND  =         0.0000  RESTRAINT  =         0.0000
 EKCMT  =     11731.1226  VIRIAL  =     12109.5656  VOLUME     =    426258.4175
                                                    Density    =         1.0089
 ------------------------------------------------------------------------------


      R M S  F L U C T U A T I O N S


 NSTEP =   100000   TIME(PS) =     240.000  TEMP(K) =     1.29  PRESS =   103.2
 Etot   =        60.7709  EKtot   =       110.9458  EPtot      =       102.1373
 BOND   =        22.9367  ANGLE   =        43.4081  DIHED      =        16.5699
 1-4 NB =        14.1000  1-4 EEL =        30.5662  VDWAALS    =       115.2538
 EELEC  =       184.3642  EHBOND  =         0.0000  RESTRAINT  =         0.0000
 EKCMT  =        66.0541  VIRIAL  =       976.2479  VOLUME     =       688.0030
                                                    Density    =         0.0016
 ------------------------------------------------------------------------------

--------------------------------------------------------------------------------
   5.  TIMINGS
--------------------------------------------------------------------------------

|  NonSetup CPU Time in Major Routines:
|
|     Routine           Sec        %
|     ------------------------------
|     Nonbond          96.59   86.88
|     Bond              0.00    0.00
|     Angle             0.00    0.00
|     Dihedral          0.00    0.00
|     Shake             0.47    0.42
|     RunMD            13.94   12.54
|     Other             0.18    0.16
|     ------------------------------
|     Total           111.18

|  PME Nonbond Pairlist CPU Time:
|
|     Routine              Sec        %
|     ---------------------------------
|     Set Up Cit           0.00    0.00
|     Build List           0.00    0.00
|     ---------------------------------
|     Total                0.00    0.00

|  PME Direct Force CPU Time:
|
|     Routine              Sec        %
|     ---------------------------------
|     NonBonded Calc       0.00    0.00
|     Exclude Masked       0.00    0.00
|     Other                0.11    0.10
|     ---------------------------------
|     Total                0.11    0.10

|  PME Reciprocal Force CPU Time:
|
|     Routine              Sec        %
|     ---------------------------------
|     1D bspline           0.00    0.00
|     Grid Charges         0.00    0.00
|     Scalar Sum           0.00    0.00
|     Gradient Sum         0.00    0.00
|     FFT                  0.00    0.00
|     ---------------------------------
|     Total                0.00    0.00

|  Final Performance Info:
|     -----------------------------------------------------
|     Average timings for last   30000 steps:
|     Elapsed(s) =      34.08 Per Step(ms) =       1.14
|         ns/day =     152.12   seconds/ns =     567.98
|
|     Average timings for all steps:
|     Elapsed(s) =     111.89 Per Step(ms) =       1.12
|         ns/day =     154.43   seconds/ns =     559.46
|     -----------------------------------------------------

|  Setup CPU time:            0.54 seconds
|  NonSetup CPU time:       111.18 seconds
|  Total CPU time:          111.72 seconds     0.03 hours

|  Setup wall time:           0    seconds
|  NonSetup wall time:      112    seconds
|  Total wall time:         112    seconds     0.03 hours
