
          -------------------------------------------------------
          Amber 24 PMEMD                              2024
          -------------------------------------------------------

| PMEMD implementation of SANDER, Release 24

|  Compiled date/time: Thu Apr  3 16:55:38 2025
| Run on 09/15/2025 at 07:19:57

|   Executable path: pmemd.cuda
| Working directory: /panfs/accrepfs.vampire/data/kojetin_lab/Mithun/My_Github/Amber_Apo_Protein_Run/Minimization
|          Hostname: gpu0023

  [-O]verwriting output

File Assignments:
|   MDIN: step1.in                                                              
|  MDOUT: step1.out                                                             
| INPCRD: ../prepin.inpcrd                                                      
|   PARM: ../prepin.prmtop                                                      
| RESTRT: step1.rst7                                                            
|   REFC: ../prepin.inpcrd                                                      
|  MDVEL: mdvel                                                                 
|   MDEN: mden                                                                  
|  MDCRD: step1.nc                                                              
| MDINFO: step1.mdinfo                                                          
|  MDFRC: mdfrc                                                                 


 Here is the input file:

Min explicit solvent heavy atom rest no shake                                  
&cntrl                                                                         
  imin = 1, ntmin = 2, maxcyc = 2000,                                          
  ntwx = 1000, ioutfm = 1, ntpr = 50, ntwr = 500,                              
  ntc = 1, ntf = 1, ntb = 1, cut = 8.0,                                        
  igb = 0, saltcon = 0.0,                                                      
  ntr = 1, restraintmask = ':275-1 & !@H=', restraint_wt = 5.0,                
&end                                                                           


Note: ig = -1. Setting random seed to   845205 based on wallclock time in 
      microseconds.
| irandom = 1, using AMBER's internal random number generator (default).
 
|--------------------- INFORMATION ----------------------
| GPU (CUDA) Version of PMEMD in use: NVIDIA GPU IN USE.
|                    Version 18.0.0
| 
|                      03/25/2018
| 
| Implementation by:
|                    Ross C. Walker     (SDSC)
|                    Scott Le Grand     (nVIDIA)
| 
| Version 18 performance extensions by:
|                    David Cerutti     (Rutgers)
| 
| Precision model in use:
|      [SPFP] - Single Precision Forces, 64-bit Fixed Point
|               Accumulation. (Default)
| 
|--------------------------------------------------------
 
|----------------- CITATION INFORMATION -----------------
|
|    When publishing work that utilized the CUDA version
|    of AMBER, please cite the following in addition to
|    the regular AMBER citations:
|
|  - Romelia Salomon-Ferrer; Andreas W. Goetz; Duncan
|    Poole; Scott Le Grand; Ross C. Walker "Routine
|    microsecond molecular dynamics simulations with
|    AMBER - Part II: Particle Mesh Ewald", J. Chem.
|    Theory Comput., 2013, 9 (9), pp3878-3888,
|    DOI: 10.1021/ct400314y.
|
|  - Andreas W. Goetz; Mark J. Williamson; Dong Xu;
|    Duncan Poole; Scott Le Grand; Ross C. Walker
|    "Routine microsecond molecular dynamics simulations
|    with AMBER - Part I: Generalized Born", J. Chem.
|    Theory Comput., 2012, 8 (5), pp1542-1555.
|
|  - Scott Le Grand; Andreas W. Goetz; Ross C. Walker
|    "SPFP: Speed without compromise - a mixed precision
|    model for GPU accelerated molecular dynamics
|    simulations.", Comp. Phys. Comm., 2013, 184
|    pp374-380, DOI: 10.1016/j.cpc.2012.09.022
|
|--------------------------------------------------------
 
|------------------- GPU DEVICE INFO --------------------
|
|            CUDA_VISIBLE_DEVICES: 0
|   CUDA Capable Devices Detected:      1
|           CUDA Device ID in use:      0
|                CUDA Device Name: NVIDIA TITAN Xp
|     CUDA Device Global Mem Size:  12183 MB
| CUDA Device Num Multiprocessors:     30
|           CUDA Device Core Freq:   1.58 GHz
|
|--------------------------------------------------------
 
 
| Conditional Compilation Defines Used:
| PUBFFT
| BINTRAJ
| CUDA
| EMIL

| Largest sphere to fit in unit cell has radius =    34.845

| New format PARM file being parsed.
| Version =    1.000 Date = 09/15/25 Time = 07:15:22

| Note: 1-4 EEL scale factors are being read from the topology file.

| Note: 1-4 VDW scale factors are being read from the topology file.
| Duplicated    0 dihedrals

| Duplicated    0 dihedrals

--------------------------------------------------------------------------------
   1.  RESOURCE   USE: 
--------------------------------------------------------------------------------

 getting new box info from bottom of inpcrd
 NATOM  =   42241 NTYPES =      17 NBONH =   40011 MBONA  =    2240
 NTHETH =    5204 MTHETA =    3021 NPHIH =   10232 MPHIA  =    9740
 NHPARM =       0 NPARM  =       0 NNB   =   75196 NRES   =   12882
 NBONA  =    2240 NTHETA =    3021 NPHIA =    9740 NUMBND =      59
 NUMANG =     133 NPTRA  =     175 NATYP =      33 NPHB   =       0
 IFBOX  =       2 NMXRS  =      24 IFCAP =       0 NEXTRA =       0
 NCOPY  =       0

| Coordinate Index Table dimensions:    16   16   16
| Direct force subcell size =     5.3346    5.3346    5.3346

     BOX TYPE: TRUNCATED OCTAHEDRON

--------------------------------------------------------------------------------
   2.  CONTROL  DATA  FOR  THE  RUN
--------------------------------------------------------------------------------

default_name                                                                    

General flags:
     imin    =       1, nmropt  =       0

Nature and format of input:
     ntx     =       1, irest   =       0, ntrx    =       1

Nature and format of output:
     ntxo    =       2, ntpr    =      50, ntrx    =       1, ntwr    =     500
     iwrap   =       0, ntwx    =    1000, ntwv    =       0, ntwe    =       0
     ioutfm  =       1, ntwprt  =       0, idecomp =       0, rbornstat=      0

Potential function:
     ntf     =       1, ntb     =       1, igb     =       0, nsnb    =      25
     ipol    =       0, gbsa    =       0, iesp    =       0
     dielc   =   1.00000, cut     =   8.00000, intdiel =   1.00000

Frozen or restrained atoms:
     ibelly  =       0, ntr     =       1
     restraint_wt =   5.00000

Energy minimization:
     maxcyc  =    2000, ncyc    =      10, ntmin   =       2
     dx0     =   0.01000, drms    =   0.00010

| Intermolecular bonds treatment:
|     no_intermolecular_bonds =       1

| Energy averages sample interval:
|     ene_avg_sampling =       1

Ewald parameters:
     verbose =       0, ew_type =       0, nbflag  =       1, use_pme =       1
     vdwmeth =       1, eedmeth =       1, netfrc  =       0
     Box X =   85.353   Box Y =   85.353   Box Z =   85.353
     Alpha =  109.471   Beta  =  109.471   Gamma =  109.471
     NFFT1 =   96       NFFT2 =   96       NFFT3 =   96
     Cutoff=    8.000   Tol   =0.100E-04
     Ewald Coefficient =  0.34864
     Interpolation order =    4

    LOADING THE CONSTRAINED ATOMS AS GROUPS


   5.  REFERENCE ATOM COORDINATES

  default_name                                                                    
     Mask :275-1 & !@H=; matches     0 atoms

--------------------------------------------------------------------------------
   3.  ATOMIC COORDINATES AND VELOCITIES
--------------------------------------------------------------------------------

default_name                                                                    
 begin time read from input coords =     0.000 ps

 
 Number of triangulated 3-point waters found:    12579

     Sum of charges from parm topology file =  -0.00000016
     Forcing neutrality...

| Dynamic Memory, Types Used:
| Reals             1223801
| Integers          1680324

| Nonbonded Pairs Initial Allocation:     7055303

| GPU memory information (estimate):
| KB of GPU memory in use:    224366
| KB of CPU memory in use:     94712

--------------------------------------------------------------------------------
   4.  RESULTS
--------------------------------------------------------------------------------



   NSTEP       ENERGY          RMS            GMAX         NAME    NUMBER
      1      -1.1461E+05     1.2796E+01     2.2860E+02     O       20732

 BOND    =      135.4678  ANGLE   =      648.8295  DIHED      =     3238.1049
 VDWAALS =    11405.0192  EEL     =  -144479.8822  HBOND      =        0.0000
 1-4 VDW =     1074.6948  1-4 EEL =    13365.3805  RESTRAINT  =        0.0000


   NSTEP       ENERGY          RMS            GMAX         NAME    NUMBER
     50      -1.3700E+05     4.7263E+00     8.4175E+01     H2      41212

 BOND    =     9279.5675  ANGLE   =      590.2999  DIHED      =     3252.5563
 VDWAALS =    10301.6655  EEL     =  -174645.3065  HBOND      =        0.0000
 1-4 VDW =     1008.3630  1-4 EEL =    13208.4257  RESTRAINT  =        0.0000


   NSTEP       ENERGY          RMS            GMAX         NAME    NUMBER
    100      -1.4306E+05     3.1489E+00     3.0795E+01     H2      36649

 BOND    =     7240.9401  ANGLE   =      583.4041  DIHED      =     3255.2077
 VDWAALS =    11401.2187  EEL     =  -179689.2227  HBOND      =        0.0000
 1-4 VDW =      986.1588  1-4 EEL =    13162.8170  RESTRAINT  =        0.0000


   NSTEP       ENERGY          RMS            GMAX         NAME    NUMBER
    150      -1.4621E+05     9.7175E-01     8.9987E+00     O       17570

 BOND    =     8692.5344  ANGLE   =      590.0131  DIHED      =     3255.0584
 VDWAALS =    12502.0059  EEL     =  -185369.6345  HBOND      =        0.0000
 1-4 VDW =      969.8932  1-4 EEL =    13154.4158  RESTRAINT  =        0.0000


   NSTEP       ENERGY          RMS            GMAX         NAME    NUMBER
    200      -1.4820E+05     2.4261E+00     2.8619E+01     CD       3329

 BOND    =     9662.1359  ANGLE   =      597.0582  DIHED      =     3254.4004
 VDWAALS =    13557.0333  EEL     =  -189382.4798  HBOND      =        0.0000
 1-4 VDW =      958.9296  1-4 EEL =    13149.1428  RESTRAINT  =        0.0000


   NSTEP       ENERGY          RMS            GMAX         NAME    NUMBER
    250      -1.4987E+05     1.4417E+00     3.1559E+01     CD       3329

 BOND    =     8644.1159  ANGLE   =      595.3645  DIHED      =     3252.9717
 VDWAALS =    14525.9702  EEL     =  -190974.4210  HBOND      =        0.0000
 1-4 VDW =      953.7540  1-4 EEL =    13129.6687  RESTRAINT  =        0.0000


   NSTEP       ENERGY          RMS            GMAX         NAME    NUMBER
    300      -1.5111E+05     2.1021E+00     7.4686E+01     CD       1345

 BOND    =     8827.3694  ANGLE   =      604.1687  DIHED      =     3251.0812
 VDWAALS =    15408.1579  EEL     =  -193266.9181  HBOND      =        0.0000
 1-4 VDW =      948.5988  1-4 EEL =    13119.3299  RESTRAINT  =        0.0000


   NSTEP       ENERGY          RMS            GMAX         NAME    NUMBER
    350      -1.5225E+05     1.1627E+00     5.8013E+01     NE2       214

 BOND    =     9538.9437  ANGLE   =      606.2087  DIHED      =     3248.7282
 VDWAALS =    16214.6687  EEL     =  -195928.5123  HBOND      =        0.0000
 1-4 VDW =      942.3323  1-4 EEL =    13126.4922  RESTRAINT  =        0.0000


   NSTEP       ENERGY          RMS            GMAX         NAME    NUMBER
    400      -1.5320E+05     5.1532E-01     2.5731E+01     CE1      3581

 BOND    =     9620.1063  ANGLE   =      603.4667  DIHED      =     3247.1170
 VDWAALS =    16945.5543  EEL     =  -197676.2629  HBOND      =        0.0000
 1-4 VDW =      938.8433  1-4 EEL =    13118.9773  RESTRAINT  =        0.0000


   NSTEP       ENERGY          RMS            GMAX         NAME    NUMBER
    450      -1.5398E+05     9.8070E-01     7.4840E+01     CE1      3581

 BOND    =     9786.1834  ANGLE   =      607.3153  DIHED      =     3245.9700
 VDWAALS =    17590.6415  EEL     =  -199264.3329  HBOND      =        0.0000
 1-4 VDW =      935.7748  1-4 EEL =    13115.3173  RESTRAINT  =        0.0000


   NSTEP       ENERGY          RMS            GMAX         NAME    NUMBER
    500      -1.5471E+05     4.4073E-01     2.2692E+01     CE1      3581

 BOND    =     9908.4604  ANGLE   =      608.3448  DIHED      =     3245.1334
 VDWAALS =    18173.6490  EEL     =  -200694.4711  HBOND      =        0.0000
 1-4 VDW =      933.1796  1-4 EEL =    13111.8855  RESTRAINT  =        0.0000


   NSTEP       ENERGY          RMS            GMAX         NAME    NUMBER
    550      -1.5535E+05     8.5155E-01     6.4377E+01     CE1      3581

 BOND    =    10039.7194  ANGLE   =      613.2112  DIHED      =     3244.3859
 VDWAALS =    18695.3201  EEL     =  -201978.1112  HBOND      =        0.0000
 1-4 VDW =      931.1335  1-4 EEL =    13109.0702  RESTRAINT  =        0.0000


   NSTEP       ENERGY          RMS            GMAX         NAME    NUMBER
    600      -1.5592E+05     1.2146E+00     9.3567E+01     CE1      3581

 BOND    =    10164.6374  ANGLE   =      618.3449  DIHED      =     3243.3759
 VDWAALS =    19175.1993  EEL     =  -203154.1116  HBOND      =        0.0000
 1-4 VDW =      929.6695  1-4 EEL =    13106.5200  RESTRAINT  =        0.0000


   NSTEP       ENERGY          RMS            GMAX         NAME    NUMBER
    650      -1.5649E+05     4.9137E-01     4.4397E+01     CD         60

 BOND    =    10251.6224  ANGLE   =      612.1698  DIHED      =     3242.1794
 VDWAALS =    19627.5308  EEL     =  -204254.4376  HBOND      =        0.0000
 1-4 VDW =      928.4047  1-4 EEL =    13104.3767  RESTRAINT  =        0.0000


   NSTEP       ENERGY          RMS            GMAX         NAME    NUMBER
    700      -1.5698E+05     3.3331E-01     1.1252E+01     CE1      3581

 BOND    =    10343.4128  ANGLE   =      613.8723  DIHED      =     3240.9368
 VDWAALS =    20036.9196  EEL     =  -205240.7593  HBOND      =        0.0000
 1-4 VDW =      927.2763  1-4 EEL =    13102.0755  RESTRAINT  =        0.0000


   NSTEP       ENERGY          RMS            GMAX         NAME    NUMBER
    750      -1.5744E+05     5.6849E-01     4.3018E+01     CE1      3581

 BOND    =    10438.4377  ANGLE   =      616.4712  DIHED      =     3239.7360
 VDWAALS =    20438.8575  EEL     =  -206198.8170  HBOND      =        0.0000
 1-4 VDW =      926.2290  1-4 EEL =    13099.9588  RESTRAINT  =        0.0000


   NSTEP       ENERGY          RMS            GMAX         NAME    NUMBER
    800      -1.5785E+05     9.0214E-01     6.9014E+01     CE1      3581

 BOND    =    10529.2448  ANGLE   =      619.7154  DIHED      =     3238.6537
 VDWAALS =    20805.6294  EEL     =  -207066.8797  HBOND      =        0.0000
 1-4 VDW =      925.3103  1-4 EEL =    13098.3142  RESTRAINT  =        0.0000


   NSTEP       ENERGY          RMS            GMAX         NAME    NUMBER
    850      -1.5825E+05     3.1270E-01     1.2402E+01     CE1      3581

 BOND    =    10595.6834  ANGLE   =      615.8831  DIHED      =     3237.7192
 VDWAALS =    21144.8030  EEL     =  -207865.2719  HBOND      =        0.0000
 1-4 VDW =      924.5126  1-4 EEL =    13097.2412  RESTRAINT  =        0.0000


   NSTEP       ENERGY          RMS            GMAX         NAME    NUMBER
    900      -1.5861E+05     7.5682E-01     5.6768E+01     CE1      3581

 BOND    =    10678.8929  ANGLE   =      617.3847  DIHED      =     3236.8775
 VDWAALS =    21475.3622  EEL     =  -208638.4297  HBOND      =        0.0000
 1-4 VDW =      923.7812  1-4 EEL =    13096.2914  RESTRAINT  =        0.0000


   NSTEP       ENERGY          RMS            GMAX         NAME    NUMBER
    950      -1.5894E+05     1.0990E+00     8.8654E+01     CE1      3581

 BOND    =    10759.3285  ANGLE   =      619.6004  DIHED      =     3236.1288
 VDWAALS =    21782.2357  EEL     =  -209350.8087  HBOND      =        0.0000
 1-4 VDW =      923.2323  1-4 EEL =    13095.2814  RESTRAINT  =        0.0000


   NSTEP       ENERGY          RMS            GMAX         NAME    NUMBER
   1000      -1.5928E+05     6.5416E-01     4.9119E+01     CE1      3581

 BOND    =    10808.6801  ANGLE   =      619.8767  DIHED      =     3235.3075
 VDWAALS =    22077.4589  EEL     =  -210034.4721  HBOND      =        0.0000
 1-4 VDW =      922.7849  1-4 EEL =    13094.0256  RESTRAINT  =        0.0000


   NSTEP       ENERGY          RMS            GMAX         NAME    NUMBER
   1050      -1.5957E+05     1.0128E+00     1.3868E+02     CG       4207

 BOND    =    10879.5865  ANGLE   =      622.5920  DIHED      =     3234.5536
 VDWAALS =    22354.9731  EEL     =  -210676.5818  HBOND      =        0.0000
 1-4 VDW =      922.4615  1-4 EEL =    13093.2549  RESTRAINT  =        0.0000


   NSTEP       ENERGY          RMS            GMAX         NAME    NUMBER
   1100      -1.5987E+05     4.4389E-01     3.3108E+01     CE1      3581

 BOND    =    10925.9116  ANGLE   =      617.4526  DIHED      =     3233.8676
 VDWAALS =    22614.2035  EEL     =  -211275.3295  HBOND      =        0.0000
 1-4 VDW =      922.0185  1-4 EEL =    13092.3719  RESTRAINT  =        0.0000


   NSTEP       ENERGY          RMS            GMAX         NAME    NUMBER
   1150      -1.6013E+05     2.5814E-01     1.1527E+01     CE1      3581

 BOND    =    10976.1924  ANGLE   =      617.8826  DIHED      =     3233.1639
 VDWAALS =    22854.8405  EEL     =  -211828.6299  HBOND      =        0.0000
 1-4 VDW =      921.6095  1-4 EEL =    13091.5083  RESTRAINT  =        0.0000


   NSTEP       ENERGY          RMS            GMAX         NAME    NUMBER
   1200      -1.6038E+05     2.9227E-01     1.6865E+01     CE1      3581

 BOND    =    11027.6631  ANGLE   =      618.0378  DIHED      =     3232.5095
 VDWAALS =    23086.5621  EEL     =  -212360.5697  HBOND      =        0.0000
 1-4 VDW =      921.2509  1-4 EEL =    13090.8860  RESTRAINT  =        0.0000


   NSTEP       ENERGY          RMS            GMAX         NAME    NUMBER
   1250      -1.6061E+05     7.0883E-01     1.0121E+02     CG       4207

 BOND    =    11081.5676  ANGLE   =      620.4570  DIHED      =     3231.8956
 VDWAALS =    23304.7372  EEL     =  -212862.7856  HBOND      =        0.0000
 1-4 VDW =      920.8806  1-4 EEL =    13089.9755  RESTRAINT  =        0.0000


   NSTEP       ENERGY          RMS            GMAX         NAME    NUMBER
   1300      -1.6084E+05     3.7125E-01     2.6126E+01     CE1      3581

 BOND    =    11121.2924  ANGLE   =      617.3119  DIHED      =     3231.2637
 VDWAALS =    23504.8057  EEL     =  -213325.2320  HBOND      =        0.0000
 1-4 VDW =      920.6482  1-4 EEL =    13089.9527  RESTRAINT  =        0.0000


   NSTEP       ENERGY          RMS            GMAX         NAME    NUMBER
   1350      -1.6104E+05     6.4461E-01     5.2384E+01     CE1      3581

 BOND    =    11168.2719  ANGLE   =      617.8485  DIHED      =     3230.6032
 VDWAALS =    23694.5525  EEL     =  -213765.3224  HBOND      =        0.0000
 1-4 VDW =      920.4329  1-4 EEL =    13089.8034  RESTRAINT  =        0.0000


   NSTEP       ENERGY          RMS            GMAX         NAME    NUMBER
   1400      -1.6125E+05     2.1752E-01     8.0786E+00     CE1      3581

 BOND    =    11200.0227  ANGLE   =      617.6893  DIHED      =     3229.9655
 VDWAALS =    23872.5034  EEL     =  -214178.9469  HBOND      =        0.0000
 1-4 VDW =      920.1835  1-4 EEL =    13089.3344  RESTRAINT  =        0.0000


   NSTEP       ENERGY          RMS            GMAX         NAME    NUMBER
   1450      -1.6144E+05     5.3544E-01     4.3793E+01     CE1      3581

 BOND    =    11242.0175  ANGLE   =      619.5523  DIHED      =     3229.3546
 VDWAALS =    24048.2249  EEL     =  -214587.9426  HBOND      =        0.0000
 1-4 VDW =      919.9552  1-4 EEL =    13089.1190  RESTRAINT  =        0.0000


   NSTEP       ENERGY          RMS            GMAX         NAME    NUMBER
   1500      -1.6162E+05     7.4463E-01     6.6835E+01     CG       4207

 BOND    =    11282.1937  ANGLE   =      621.2246  DIHED      =     3228.8178
 VDWAALS =    24212.1298  EEL     =  -214968.5322  HBOND      =        0.0000
 1-4 VDW =      919.6412  1-4 EEL =    13088.6489  RESTRAINT  =        0.0000


   NSTEP       ENERGY          RMS            GMAX         NAME    NUMBER
   1550      -1.6180E+05     2.9905E-01     2.2045E+01     CE1      3581

 BOND    =    11312.0843  ANGLE   =      617.4760  DIHED      =     3228.3122
 VDWAALS =    24375.9655  EEL     =  -215346.7242  HBOND      =        0.0000
 1-4 VDW =      919.3797  1-4 EEL =    13088.7630  RESTRAINT  =        0.0000


   NSTEP       ENERGY          RMS            GMAX         NAME    NUMBER
   1600      -1.6197E+05     1.9896E-01     8.4190E+00     CE1      3581

 BOND    =    11343.7840  ANGLE   =      617.9646  DIHED      =     3227.8470
 VDWAALS =    24527.7847  EEL     =  -215694.7550  HBOND      =        0.0000
 1-4 VDW =      919.0938  1-4 EEL =    13088.4978  RESTRAINT  =        0.0000


   NSTEP       ENERGY          RMS            GMAX         NAME    NUMBER
   1650      -1.6212E+05     3.6224E-01     3.0187E+01     CE1      3581

 BOND    =    11376.6876  ANGLE   =      618.9497  DIHED      =     3227.4011
 VDWAALS =    24674.2845  EEL     =  -216029.1830  HBOND      =        0.0000
 1-4 VDW =      918.7925  1-4 EEL =    13088.2077  RESTRAINT  =        0.0000


   NSTEP       ENERGY          RMS            GMAX         NAME    NUMBER
   1700      -1.6227E+05     5.2791E-01     4.6166E+01     CE1      3581

 BOND    =    11408.8425  ANGLE   =      620.0386  DIHED      =     3226.9597
 VDWAALS =    24812.8221  EEL     =  -216345.3482  HBOND      =        0.0000
 1-4 VDW =      918.4875  1-4 EEL =    13087.8778  RESTRAINT  =        0.0000


   NSTEP       ENERGY          RMS            GMAX         NAME    NUMBER
   1750      -1.6242E+05     1.8778E-01     7.9013E+00     CE1      3581

 BOND    =    11434.7138  ANGLE   =      617.8933  DIHED      =     3226.5024
 VDWAALS =    24945.5501  EEL     =  -216648.5021  HBOND      =        0.0000
 1-4 VDW =      918.2551  1-4 EEL =    13087.8975  RESTRAINT  =        0.0000


   NSTEP       ENERGY          RMS            GMAX         NAME    NUMBER
   1800      -1.6255E+05     4.9820E-01     4.4124E+01     CE1      3581

 BOND    =    11467.2988  ANGLE   =      618.1952  DIHED      =     3226.0157
 VDWAALS =    25076.0708  EEL     =  -216947.0247  HBOND      =        0.0000
 1-4 VDW =      918.0271  1-4 EEL =    13087.6582  RESTRAINT  =        0.0000


   NSTEP       ENERGY          RMS            GMAX         NAME    NUMBER
   1850      -1.6269E+05     2.1161E-01     1.3261E+01     CE1      3581

 BOND    =    11489.7175  ANGLE   =      618.5010  DIHED      =     3225.4814
 VDWAALS =    25199.1867  EEL     =  -217228.6392  HBOND      =        0.0000
 1-4 VDW =      917.9037  1-4 EEL =    13087.3765  RESTRAINT  =        0.0000


   NSTEP       ENERGY          RMS            GMAX         NAME    NUMBER
   1900      -1.6282E+05     4.2647E-01     6.0153E+01     CG       4207

 BOND    =    11517.6134  ANGLE   =      619.2660  DIHED      =     3224.9256
 VDWAALS =    25318.6746  EEL     =  -217501.9911  HBOND      =        0.0000
 1-4 VDW =      917.8637  1-4 EEL =    13087.2517  RESTRAINT  =        0.0000


   NSTEP       ENERGY          RMS            GMAX         NAME    NUMBER
   1950      -1.6294E+05     1.8313E-01     9.3047E+00     CE1      3581

 BOND    =    11540.6844  ANGLE   =      617.7836  DIHED      =     3224.3739
 VDWAALS =    25432.3021  EEL     =  -217762.1604  HBOND      =        0.0000
 1-4 VDW =      917.8129  1-4 EEL =    13087.0428  RESTRAINT  =        0.0000


   NSTEP       ENERGY          RMS            GMAX         NAME    NUMBER
   2000      -1.6306E+05     3.4267E-01     2.9190E+01     CE1      3581

 BOND    =    11566.0943  ANGLE   =      617.6611  DIHED      =     3223.8020
 VDWAALS =    25541.6493  EEL     =  -218013.4197  HBOND      =        0.0000
 1-4 VDW =      917.8043  1-4 EEL =    13086.8721  RESTRAINT  =        0.0000


  Maximum number of minimization cycles reached.


                    FINAL RESULTS



   NSTEP       ENERGY          RMS            GMAX         NAME    NUMBER
   2000      -1.6306E+05     3.4267E-01     2.9190E+01     CE1      3581

 BOND    =    11566.0943  ANGLE   =      617.6611  DIHED      =     3223.8020
 VDWAALS =    25541.6493  EEL     =  -218013.4197  HBOND      =        0.0000
 1-4 VDW =      917.8043  1-4 EEL =    13086.8721  RESTRAINT  =        0.0000
--------------------------------------------------------------------------------
   5.  TIMINGS
--------------------------------------------------------------------------------

|  NonSetup CPU Time in Major Routines:
|
|     Routine           Sec        %
|     ------------------------------
|     Nonbond           1.58   33.20
|     Bond              0.00    0.00
|     Angle             0.00    0.00
|     Dihedral          0.00    0.00
|     Shake             0.00    0.00
|     Other             3.18   66.80
|     ------------------------------
|     Total             4.76

|  PME Nonbond Pairlist CPU Time:
|
|     Routine              Sec        %
|     ---------------------------------
|     Set Up Cit           0.00    0.00
|     Build List           0.00    0.00
|     ---------------------------------
|     Total                0.00    0.00

|  PME Direct Force CPU Time:
|
|     Routine              Sec        %
|     ---------------------------------
|     NonBonded Calc       0.00    0.00
|     Exclude Masked       0.00    0.00
|     Other                0.00    0.09
|     ---------------------------------
|     Total                0.00    0.09

|  PME Reciprocal Force CPU Time:
|
|     Routine              Sec        %
|     ---------------------------------
|     1D bspline           0.00    0.00
|     Grid Charges         0.00    0.00
|     Scalar Sum           0.00    0.00
|     Gradient Sum         0.00    0.00
|     FFT                  0.00    0.00
|     ---------------------------------
|     Total                0.00    0.00

|  Setup CPU time:            0.64 seconds
|  NonSetup CPU time:         4.76 seconds
|  Total CPU time:            5.40 seconds     0.00 hours

|  Setup wall time:           1    seconds
|  NonSetup wall time:        4    seconds
|  Total wall time:           5    seconds     0.00 hours
